2020-02-25 18:09:18 INFO  ClientInterface:13 - Using Logger
2020-02-25 18:09:18 INFO  ClientInterface:21 - To calculate Simple Interest and Compound Interest
2020-02-25 18:09:18 INFO  ClientInterface:22 - 

Enter Principal amount(P) 
Rate of Interest(r/100) 
Time in years(t) 
Number of times interest applied per time period(n)

2020-02-25 18:09:28 INFO  Simple_Compound_Interest:14 - Intialized parameters.
2020-02-25 18:09:28 INFO  Simple_Compound_Interest:22 - Entered SimpleInterest method.
2020-02-25 18:09:28 INFO  ClientInterface:31 - Simple Interest is:600.0
2020-02-25 18:09:28 INFO  Simple_Compound_Interest:27 - Entered CompoundInterest method.
2020-02-25 18:09:28 INFO  ClientInterface:33 - Compound Interest is:611.6417936592134



2020-02-25 18:09:28 INFO  ClientInterface:37 - House Construction
2020-02-25 18:09:28 INFO  ClientInterface:38 - 

Enter Total area and Standard(1-standard  2-above standard  3-high standard):

2020-02-25 18:09:40 INFO  ClientInterface:41 - 
Do you want a Fully Automated Home??
 If yes press 1 else 0:
 
2020-02-25 18:09:43 INFO  Construction_Cost:13 - Intialized parameters.
2020-02-25 18:09:43 INFO  Construction_Cost:21 - Entered estimate method.

2020-02-25 18:09:43 INFO  ClientInterface:46 - Construction Cost Of Home is:1440000.0


2020-02-25 18:09:43 INFO  ClientInterface:48 - Exiting Program..
